<?xml version="1.0" encoding="UTF-8"?>
<testsuite xmlns:xsi="http://www.w3.org/2001/XMLSchema-instance" xsi:noNamespaceSchemaLocation="https://maven.apache.org/surefire/maven-surefire-plugin/xsd/surefire-test-report-3.0.xsd" version="3.0" name="com.pdf.apidrive.ApidriveApplicationTests" time="1.072" tests="1" errors="0" skipped="0" failures="0">
  <properties>
[...]
</properties>
  <testcase name="contextLoads" classname="com.pdf.apidrive.ApidriveApplicationTests" time="0.42">
    <system-out><![CDATA[09:09:21.095 [main] INFO org.springframework.test.context.support.AnnotationConfigContextLoaderUtils -- Could not detect default configuration classes for test class [com.pdf.apidrive.ApidriveApplicationTests]: ApidriveApplicationTests does not declare any static, non-private, non-final, nested classes annotated with @Configuration.
09:09:21.134 [main] INFO org.springframework.boot.test.context.SpringBootTestContextBootstrapper -- Found @SpringBootConfiguration com.pdf.apidrive.ApidriveApplication for test class com.pdf.apidrive.ApidriveApplicationTests

  .   ____          _            __ _ _
 /\\ / ___'_ __ _ _(_)_ __  __ _ \ \ \ \
( ( )\___ | '_ | '_| | '_ \/ _` | \ \ \ \
 \\/  ___)| |_)| | | | | || (_| |  ) ) ) )
  '  |____| .__|_| |_|_| |_\__, | / / / /
 =========|_|==============|___/=/_/_/_/

 :: Spring Boot ::                (v3.3.5)

2024-10-30T09:09:21.265-05:00  INFO 3704 --- [apidrive] [           main] c.pdf.apidrive.ApidriveApplicationTests  : Starting ApidriveApplicationTests using Java 23.0.1 with PID 3704 (started by michellmarcospachecotacay in /Users/michellmarcospachecotacay/Documents/workspace/spring boot/apifile)
2024-10-30T09:09:21.266-05:00  INFO 3704 --- [apidrive] [           main] c.pdf.apidrive.ApidriveApplicationTests  : No active profile set, falling back to 1 default profile: "default"
2024-10-30T09:09:21.672-05:00  INFO 3704 --- [apidrive] [           main] c.pdf.apidrive.ApidriveApplicationTests  : Started ApidriveApplicationTests in 0.493 seconds (process running for 0.848)
]]></system-out>
    <system-err><![CDATA[WARNING: A Java agent has been loaded dynamically (/Users/michellmarcospachecotacay/.m2/repository/net/bytebuddy/byte-buddy-agent/1.14.19/byte-buddy-agent-1.14.19.jar)
WARNING: If a serviceability tool is in use, please run with -XX:+EnableDynamicAgentLoading to hide this warning
WARNING: If a serviceability tool is not in use, please run with -Djdk.instrument.traceUsage for more information
WARNING: Dynamic loading of agents will be disallowed by default in a future release
]]></system-err>
  </testcase>
</testsuite>